<?xml version="1.0" encoding="UTF-8"?>
<testsuite name="Scenario: An issue has just been created and has to be assigned to a user who will be in charge of its develop" tests="4" skipped="3" failures="0" errors="0" timestamp="2017-05-25T21:04:41" hostname="ARAR016962" time="0.017">
  <properties/>
  <testcase name="Given a user whose name is &quot;Santiago&quot;" classname="Scenario: An issue has just been created and has to be assigned to a user who will be in charge of its develop" time="0.0">
    <skipped/>
  </testcase>
  <testcase name="When a created ticket with title &quot;Cant login correctly&quot; its assigned to him" classname="Scenario: An issue has just been created and has to be assigned to a user who will be in charge of its develop" time="0.0">
    <skipped/>
  </testcase>
  <testcase name="Then &quot;Santiago&quot; becomes an assignee of the ticket" classname="Scenario: An issue has just been created and has to be assigned to a user who will be in charge of its develop" time="0.0">
    <skipped/>
  </testcase>
  <testcase name="classMethod" classname="Scenario: An issue has just been created and has to be assigned to a user who will be in charge of its develop" time="0.025"/>
  <system-out><![CDATA[]]></system-out>
  <system-err><![CDATA[]]></system-err>
</testsuite>
